/root/Targets/recombine-protractor
└─┬ recombine-protractor@1.8.1 
  ├── accessibility-developer-tools@2.6.0 
  ├── adm-zip@0.4.4 
  ├─┬ glob@3.2.11 
  │ ├── inherits@2.0.3 
  │ └─┬ minimatch@0.3.0 
  │   ├── lru-cache@2.7.3 
  │   └── sigmund@1.0.1 
  ├── html-entities@1.1.3 
  ├─┬ jasmine@2.1.1 
  │ └── jasmine-core@2.1.3 
  ├── jasminewd@1.1.0 
  ├── jasminewd2@0.0.2 
  ├── lodash@2.4.2 
  ├── minijasminenode@1.1.1 
  ├─┬ optimist@0.6.1 
  │ ├── minimist@0.0.10 
  │ └── wordwrap@0.0.3 
  ├── q@1.0.0 
  ├─┬ request@2.36.0 
  │ ├── aws-sign2@0.5.0 
  │ ├── forever-agent@0.5.2 
  │ ├─┬ form-data@0.1.4 
  │ │ ├── async@0.9.2 
  │ │ └─┬ combined-stream@0.0.7 
  │ │   └── delayed-stream@0.0.5 
  │ ├─┬ hawk@1.0.0 
  │ │ ├── boom@0.4.2 
  │ │ ├── cryptiles@0.2.2 
  │ │ ├── hoek@0.9.1 
  │ │ └── sntp@0.2.4 
  │ ├─┬ http-signature@0.10.1 
  │ │ ├── asn1@0.1.11 
  │ │ ├── assert-plus@0.1.5 
  │ │ └── ctype@0.5.3 
  │ ├── json-stringify-safe@5.0.1 
  │ ├── mime@1.2.11 
  │ ├── node-uuid@1.4.8 
  │ ├── oauth-sign@0.3.0 
  │ ├── qs@0.6.6 
  │ ├─┬ tough-cookie@2.3.2 
  │ │ └── punycode@1.4.1 
  │ └── tunnel-agent@0.4.3 
  ├── saucelabs@0.1.1 
  ├─┬ selenium-webdriver@2.44.0 
  │ ├── tmp@0.0.24 
  │ └─┬ xml2js@0.4.4 
  │   ├── sax@0.6.1 
  │   └── xmlbuilder@9.0.4 
  └─┬ source-map-support@0.2.10 
    └─┬ source-map@0.1.32 
      └── amdefine@1.0.1 

Setup Done exists, not setting up
:../FeatureTester/libs/:/root/Targets/recombine-protractor/node_modules
Set Default Z3_PATH to ./node_modules/z3javascript/bin/libz3.so
ExpoSE Master: /root/ExpoSE/lib/Harness/src/harness.js max concurrent: 16 max paths: 1000000
Setting timeout to 900000
*** [0 done /0 queued / 1 running / 0 errors / 0% coverage ] ****** [0 done /0 queued / 1 running / 0 errors / 0% coverage ] ****** [1 done /0 queued / 0 running / 1 errors / 23% coverage ] ***
*-- Stat Module Output --*
*-- concretizations: ["defineProperty","bound log"]
*-- Stat Module Done --*
*-- Test Case {"_bound":0} start 0.0578 took 10.6394s
*-- Errors occured in test {"_bound":0}
* Error: TypeError: Object.prototype.__defineGetter__: Expecting function
*-- Replay with NO_COMPILE=1 expoSE replay '/root/ExpoSE/lib/Harness/src/harness.js' '{"_bound":0}'
*-- Coverage Data
*- File /root/ExpoSE/lib/Harness/src/harness.js. Coverage (Term): 18% Coverage (LOC): 24%
*- File /root/ExpoSE/lib/S$/bin/symbols.js. Coverage (Term): 16% Coverage (LOC): 34%
*- File /root/Targets/recombine-protractor/node_modules/recombine-protractor/lib/protractor.js. Coverage (Term): 2% Coverage (LOC): 1%
*- File /root/Targets/recombine-protractor/node_modules/selenium-webdriver/index.js. Coverage (Term): 39% Coverage (LOC): 38%
*- File /root/Targets/recombine-protractor/node_modules/selenium-webdriver/_base.js. Coverage (Term): 69% Coverage (LOC): 73%
*- File /root/Targets/recombine-protractor/node_modules/selenium-webdriver/builder.js. Coverage (Term): 25% Coverage (LOC): 34%
*- File /root/Targets/recombine-protractor/node_modules/selenium-webdriver/executors.js. Coverage (Term): 41% Coverage (LOC): 40%
*- File /root/Targets/recombine-protractor/node_modules/selenium-webdriver/http/index.js. Coverage (Term): 17% Coverage (LOC): 14%
*- File /root/Targets/recombine-protractor/node_modules/selenium-webdriver/error.js. Coverage (Term): 97% Coverage (LOC): 100%
*- Re-run with EXPOSE_PRINT_COVERAGE=1 to print line by line coverage information
** ExpoSE Finished. 1 paths with 1 errors **
